<?xml version="1.0" encoding="UTF-8"?>
<testsuite xmlns:xsi="http://www.w3.org/2001/XMLSchema-instance" xsi:noNamespaceSchemaLocation="https://maven.apache.org/surefire/maven-surefire-plugin/xsd/surefire-test-report-3.0.xsd" version="3.0" name="uk.ac.ucl.cs.comp0104.RationalTest" time="0.033" tests="7" errors="0" skipped="0" failures="0">
  <properties>
[...]
</properties>
  <testcase name="testAdd" classname="uk.ac.ucl.cs.comp0104.RationalTest" time="0.002"/>
  <testcase name="testSubtract" classname="uk.ac.ucl.cs.comp0104.RationalTest" time="0.0"/>
  <testcase name="testCompareTo" classname="uk.ac.ucl.cs.comp0104.RationalTest" time="0.0"/>
  <testcase name="testDivide" classname="uk.ac.ucl.cs.comp0104.RationalTest" time="0.0"/>
  <testcase name="testEquals" classname="uk.ac.ucl.cs.comp0104.RationalTest" time="0.001"/>
  <testcase name="testMultiply" classname="uk.ac.ucl.cs.comp0104.RationalTest" time="0.0"/>
  <testcase name="testConstructor" classname="uk.ac.ucl.cs.comp0104.RationalTest" time="0.0"/>
</testsuite>